0x0C0000006118
0x0C0000006119
0x0C00000061F4
0x0C00000061F8
0x0C000000717D
0x0C0000007182
0x0C0000004236
0x0C0000004237
0x0C0000004238
0x0C0000004239
0x0C0000005B4E
0x0C0000005B4F
0x0C0000005B50
0x0C0000005B51
0x0C0000005B52
0x0C0000005B53
0x0C000000747D
0x0C000000747E
0x0C000000747F
0x0C0000007480
0x0C0000007481
0x0C0000007482
0x0C0000007483
0x0C0000007484
0x0C0000007485
0x0C0000007486
0x0C0000007487
0x0C0000007488
0x0C0000007489
0x0C000000748A
0x0C0000007B6A
0x0C0000007B6B
0x0C0000007B6C
0x0C0000007B6D
0x0C0000007B6E
0x0C0000007B6F
0x0C0000007B70
0x0C0000007B71
0x0C0000007B72
0x0C0000007B73
0x0C0000007B74
0x0C0000007B75
0x0C0000007B76
0x0C0000007B77
0x0C0000008991
0x0C0000008992
0x0C0000008EF3
0x0C0000008EF4
0x0C0000008EF5
